{
  "k0_98": {
    "k0_74": {
      "k0_9": 950374,
      "k1_79": {
        "k0_53": null,
        "k1_74": null,
        "k2_91": null
      },
      "k2_15": [
        null,
        "ca\"ndkl\tdjc oaeblkc\tcl",
        36682,
        "hj\n"
      ]
    },
    "k1_43": {
      "k0_31": [
        "c\\kcéméépna",
        "\tépd\"bfjced"
      ],
      "k1_40": "dagém éihl\nm\"\"e/ekiheo/",
      "k2_50": [
        true,
        "hnajfnpkhbjé\"kd",
        466.8135,
        null,
        false
      ]
    }
  },
  "k1_98": [
    true,
    [
      [
        "\t ncoheobn\njemj\n",
        null,
        315.933,
        true,
        "cdpbpce "
      ],
      -784416,
      {
        "k0_68": -203.864,
        "k1_15": 427.9277
      },
      [
        423.4687,
        "\"bkna",
        null,
        729.7502
      ],
      [
        "\" o\" gan/",
        "édef nggjoé/\ta"
      ],
      [
        638.9934,
        -741.9913,
        true,
        true,
        -103.8243
      ]
    ],
    [
      "c\t\ncch\ngjdoak",
      null
    ],
    true
  ],
  "k2_78": 661.4775,
  "k3_69": [
    {
      "k0_89": {
        "k0_57": false,
        "k1_83": true,
        "k2_25": null,
        "k3_30": 962.4057,
        "k4_33": -64549
      },
      "k1_32": "h中b\tc \t/ omgpk ",
      "k2_83": {
        "k0_41": -375.4978,
        "k1_78": null,
        "k2_76": "bamlénblica"
      },
      "k3_81": {
        "k0_21": -904002,
        "k1_5": 506.3248,
        "k2_0": "éa\\pff\tm /k\ng\nl\"nad",
        "k3_12": true,
        "k4_36": -127025
      }
    },
    12.9677,
    [
      [
        -201.2973,
        null,
        null,
        648.3918,
        null,
        "dljégmhbmplm\n/bplf\\"
      ],
      false,
      {
        "k0_21": 553.3882,
        "k1_16": null,
        "k2_37": 650.7395,
        "k3_56": null
      },
      {
        "k0_55": "gapgm dma\"",
        "k1_72": -669.1771,
        "k2_44": 893793
      }
    ],
    {
      "k0_25": {
        "k0_64": null,
        "k1_26": -759397,
        "k2_81": true,
        "k3_50": -899.3179,
        "k4_97": true
      },
      "k1_79": [
        "/中b/\tg",
        "bnkf",
        null,
        "nkill\"ké\tii \\中n中 ",
        "fj\\iafhbcf/blfll",
        937283
      ]
    }
  ],
  "k4_92": {
    "k0_83": -312532,
    "k1_89": [
      [
        "daba\th \tk/d fjgb"
      ],
      310548,
      [
        "l\"m中bié",
        null,
        "\\fk \"h中ekf"
      ],
      {
        "k0_95": -235.117,
        "k1_30": 191.7053,
        "k2_98": null,
        "k3_2": false,
        "k4_63": 702126
      }
    ]
  }
}
